# JRE version: OpenJDK Runtime Environment (11.0.15) (build 11.0.15+0-b2043.56-9505619)
# Java VM: OpenJDK 64-Bit Server VM (11.0.15+0-b2043.56-9505619, mixed mode, tiered, compressed oops, g1 gc, windows-amd64)
Heap:
 garbage-first heap   total 315392K, used 259902K [0x0000000080000000, 0x0000000100000000)
  region size 1024K, 41 young (41984K), 4 survivors (4096K)
 Metaspace       used 137991K, capacity 141771K, committed 142032K, reserved 1173504K
  class space    used 17096K, capacity 18450K, committed 18560K, reserved 1048576K
GC Heap History (20 events):
Event: 183.259 GC heap before
{Heap before GC invocations=111 (full 0):
 garbage-first heap   total 315392K, used 273284K [0x0000000080000000, 0x0000000100000000)
  region size 1024K, 17 young (17408K), 3 survivors (3072K)
 Metaspace       used 133888K, capacity 137536K, committed 137680K, reserved 1169408K
  class space    used 16740K, capacity 18044K, committed 18048K, reserved 1048576K
}
Event: 183.266 GC heap after
{Heap after GC invocations=112 (full 0):
 garbage-first heap   total 315392K, used 261735K [0x0000000080000000, 0x0000000100000000)
  region size 1024K, 2 young (2048K), 2 survivors (2048K)
 Metaspace       used 133888K, capacity 137536K, committed 137680K, reserved 1169408K
  class space    used 16740K, capacity 18044K, committed 18048K, reserved 1048576K
}
Event: 183.513 GC heap before
{Heap before GC invocations=112 (full 0):
 garbage-first heap   total 315392K, used 258663K [0x0000000080000000, 0x0000000100000000)
  region size 1024K, 15 young (15360K), 2 survivors (2048K)
 Metaspace       used 134621K, capacity 138304K, committed 138576K, reserved 1169408K
  class space    used 16799K, capacity 18108K, committed 18176K, reserved 1048576K
}
Event: 183.519 GC heap after
{Heap after GC invocations=113 (full 0):
 garbage-first heap   total 315392K, used 248131K [0x0000000080000000, 0x0000000100000000)
  region size 1024K, 2 young (2048K), 2 survivors (2048K)
 Metaspace       used 134621K, capacity 138304K, committed 138576K, reserved 1169408K
  class space    used 16799K, capacity 18108K, committed 18176K, reserved 1048576K
}
Event: 183.752 GC heap before
{Heap before GC invocations=114 (full 0):
 garbage-first heap   total 315392K, used 265539K [0x0000000080000000, 0x0000000100000000)
  region size 1024K, 20 young (20480K), 2 survivors (2048K)
 Metaspace       used 134806K, capacity 138440K, committed 138576K, reserved 1169408K
  class space    used 16802K, capacity 18108K, committed 18176K, reserved 1048576K
}
Event: 183.758 GC heap after
{Heap after GC invocations=115 (full 0):
 garbage-first heap   total 315392K, used 250211K [0x0000000080000000, 0x0000000100000000)
  region size 1024K, 3 young (3072K), 3 survivors (3072K)
 Metaspace       used 134806K, capacity 138440K, committed 138576K, reserved 1169408K
  class space    used 16802K, capacity 18108K, committed 18176K, reserved 1048576K
}
Event: 183.861 GC heap before
{Heap before GC invocations=115 (full 0):
 garbage-first heap   total 315392K, used 262499K [0x0000000080000000, 0x0000000100000000)
  region size 1024K, 15 young (15360K), 3 survivors (3072K)
 Metaspace       used 134943K, capacity 138568K, committed 138832K, reserved 1169408K
  class space    used 16811K, capacity 18108K, committed 18176K, reserved 1048576K
}
Event: 183.870 GC heap after
{Heap after GC invocations=116 (full 0):
 garbage-first heap   total 315392K, used 231974K [0x0000000080000000, 0x0000000100000000)
  region size 1024K, 2 young (2048K), 2 survivors (2048K)
 Metaspace       used 134943K, capacity 138568K, committed 138832K, reserved 1169408K
  class space    used 16811K, capacity 18108K, committed 18176K, reserved 1048576K
}
Event: 184.025 GC heap before
{Heap before GC invocations=116 (full 0):
 garbage-first heap   total 315392K, used 257574K [0x0000000080000000, 0x0000000100000000)
  region size 1024K, 27 young (27648K), 2 survivors (2048K)
 Metaspace       used 135323K, capacity 138984K, committed 139088K, reserved 1171456K
  class space    used 16838K, capacity 18140K, committed 18176K, reserved 1048576K
}
Event: 184.034 GC heap after
{Heap after GC invocations=117 (full 0):
 garbage-first heap   total 315392K, used 237568K [0x0000000080000000, 0x0000000100000000)
  region size 1024K, 4 young (4096K), 4 survivors (4096K)
 Metaspace       used 135323K, capacity 138984K, committed 139088K, reserved 1171456K
  class space    used 16838K, capacity 18140K, committed 18176K, reserved 1048576K
}
Event: 184.603 GC heap before
{Heap before GC invocations=118 (full 0):
 garbage-first heap   total 315392K, used 262144K [0x0000000080000000, 0x0000000100000000)
  region size 1024K, 28 young (28672K), 4 survivors (4096K)
 Metaspace       used 135707K, capacity 139284K, committed 139344K, reserved 1171456K
  class space    used 16860K, capacity 18154K, committed 18176K, reserved 1048576K
}
Event: 184.611 GC heap after
{Heap after GC invocations=119 (full 0):
 garbage-first heap   total 315392K, used 236492K [0x0000000080000000, 0x0000000100000000)
  region size 1024K, 2 young (2048K), 2 survivors (2048K)
 Metaspace       used 135707K, capacity 139284K, committed 139344K, reserved 1171456K
  class space    used 16860K, capacity 18154K, committed 18176K, reserved 1048576K
}
Event: 184.851 GC heap before
{Heap before GC invocations=119 (full 0):
 garbage-first heap   total 315392K, used 249804K [0x0000000080000000, 0x0000000100000000)
  region size 1024K, 15 young (15360K), 2 survivors (2048K)
 Metaspace       used 135904K, capacity 139542K, committed 139600K, reserved 1171456K
  class space    used 16868K, capacity 18154K, committed 18176K, reserved 1048576K
}
Event: 184.856 GC heap after
{Heap after GC invocations=120 (full 0):
 garbage-first heap   total 315392K, used 235278K [0x0000000080000000, 0x0000000100000000)
  region size 1024K, 1 young (1024K), 1 survivors (1024K)
 Metaspace       used 135904K, capacity 139542K, committed 139600K, reserved 1171456K
  class space    used 16868K, capacity 18154K, committed 18176K, reserved 1048576K
}
Event: 187.082 GC heap before
{Heap before GC invocations=120 (full 0):
 garbage-first heap   total 315392K, used 260878K [0x0000000080000000, 0x0000000100000000)
  region size 1024K, 27 young (27648K), 1 survivors (1024K)
 Metaspace       used 136533K, capacity 140198K, committed 140496K, reserved 1171456K
  class space    used 16930K, capacity 18258K, committed 18304K, reserved 1048576K
}
Event: 187.087 GC heap after
{Heap after GC invocations=121 (full 0):
 garbage-first heap   total 315392K, used 236152K [0x0000000080000000, 0x0000000100000000)
  region size 1024K, 2 young (2048K), 2 survivors (2048K)
 Metaspace       used 136533K, capacity 140198K, committed 140496K, reserved 1171456K
  class space    used 16930K, capacity 18258K, committed 18304K, reserved 1048576K
}
Event: 188.349 GC heap before
{Heap before GC invocations=122 (full 0):
 garbage-first heap   total 315392K, used 259704K [0x0000000080000000, 0x0000000100000000)
  region size 1024K, 30 young (30720K), 2 survivors (2048K)
 Metaspace       used 137074K, capacity 140779K, committed 140880K, reserved 1171456K
  class space    used 17001K, capacity 18341K, committed 18432K, reserved 1048576K
}
Event: 188.354 GC heap after
{Heap after GC invocations=123 (full 0):
 garbage-first heap   total 315392K, used 233135K [0x0000000080000000, 0x0000000100000000)
  region size 1024K, 3 young (3072K), 3 survivors (3072K)
 Metaspace       used 137074K, capacity 140779K, committed 140880K, reserved 1171456K
  class space    used 17001K, capacity 18341K, committed 18432K, reserved 1048576K
}
Event: 189.077 GC heap before
{Heap before GC invocations=123 (full 0):
 garbage-first heap   total 315392K, used 245423K [0x0000000080000000, 0x0000000100000000)
  region size 1024K, 15 young (15360K), 3 survivors (3072K)
 Metaspace       used 137535K, capacity 141221K, committed 141392K, reserved 1173504K
  class space    used 17045K, capacity 18380K, committed 18432K, reserved 1048576K
}
Event: 189.085 GC heap after
{Heap after GC invocations=124 (full 0):
 garbage-first heap   total 315392K, used 222020K [0x0000000080000000, 0x0000000100000000)
  region size 1024K, 2 young (2048K), 2 survivors (2048K)
 Metaspace       used 137535K, capacity 141221K, committed 141392K, reserved 1173504K
  class space    used 17045K, capacity 18380K, committed 18432K, reserved 1048576K
}

